INFO:root:Program started at 2023-09-15 09:25:36.086478
DEBUG:urllib3.connectionpool:Starting new HTTPS connection (1): www.tradingview.com:443
DEBUG:urllib3.connectionpool:https://www.tradingview.com:443 "POST /accounts/signin/ HTTP/1.1" 200 69
ERROR:tvDatafeed.main:error while signin
WARNING:tvDatafeed.main:you are using nologin method, data you access may be limited
DEBUG:root:creating websocket connection
DEBUG:tvDatafeed.main:getting data for OANDA:XAUUSD...
DEBUG:root:creating websocket connection
DEBUG:tvDatafeed.main:getting data for TVC:DXY...
DEBUG:tvDatafeed.main:no volume data
DEBUG:root:creating websocket connection
DEBUG:tvDatafeed.main:getting data for TVC:USOIL...
DEBUG:root:creating websocket connection
DEBUG:tvDatafeed.main:getting data for ECONOMICS:USINTR...
DEBUG:tvDatafeed.main:no volume data
DEBUG:root:creating websocket connection
DEBUG:tvDatafeed.main:getting data for OANDA:SPX500USD...
INFO:root:Program started at 2023-09-15 09:27:26.668649
DEBUG:urllib3.connectionpool:Starting new HTTPS connection (1): www.tradingview.com:443
DEBUG:urllib3.connectionpool:https://www.tradingview.com:443 "POST /accounts/signin/ HTTP/1.1" 200 None
DEBUG:root:creating websocket connection
DEBUG:tvDatafeed.main:getting data for OANDA:XAUUSD...
DEBUG:root:creating websocket connection
DEBUG:tvDatafeed.main:getting data for TVC:DXY...
DEBUG:tvDatafeed.main:no volume data
DEBUG:root:creating websocket connection
DEBUG:tvDatafeed.main:getting data for TVC:USOIL...
DEBUG:root:creating websocket connection
DEBUG:tvDatafeed.main:getting data for ECONOMICS:USINTR...
DEBUG:tvDatafeed.main:no volume data
DEBUG:root:creating websocket connection
DEBUG:tvDatafeed.main:getting data for OANDA:SPX500USD...
INFO:root:Program started at 2023-09-15 09:33:23.139786
DEBUG:urllib3.connectionpool:Starting new HTTPS connection (1): www.tradingview.com:443
DEBUG:urllib3.connectionpool:https://www.tradingview.com:443 "POST /accounts/signin/ HTTP/1.1" 200 None
DEBUG:root:creating websocket connection
DEBUG:tvDatafeed.main:getting data for OANDA:XAUUSD...
DEBUG:root:creating websocket connection
DEBUG:tvDatafeed.main:getting data for TVC:DXY...
DEBUG:tvDatafeed.main:no volume data
DEBUG:root:creating websocket connection
DEBUG:tvDatafeed.main:getting data for TVC:USOIL...
DEBUG:root:creating websocket connection
DEBUG:tvDatafeed.main:getting data for ECONOMICS:USINTR...
DEBUG:tvDatafeed.main:no volume data
DEBUG:root:creating websocket connection
DEBUG:tvDatafeed.main:getting data for OANDA:SPX500USD...
INFO:root:Program started at 2023-09-15 09:39:18.442622
INFO:root:Program started at 2023-09-15 09:39:51.977790
DEBUG:urllib3.connectionpool:Starting new HTTPS connection (1): www.tradingview.com:443
DEBUG:urllib3.connectionpool:https://www.tradingview.com:443 "POST /accounts/signin/ HTTP/1.1" 200 None
DEBUG:root:creating websocket connection
DEBUG:tvDatafeed.main:getting data for OANDA:XAUUSD...
DEBUG:root:creating websocket connection
DEBUG:tvDatafeed.main:getting data for TVC:DXY...
DEBUG:tvDatafeed.main:no volume data
DEBUG:root:creating websocket connection
DEBUG:tvDatafeed.main:getting data for TVC:USOIL...
DEBUG:root:creating websocket connection
DEBUG:tvDatafeed.main:getting data for ECONOMICS:USINTR...
DEBUG:tvDatafeed.main:no volume data
DEBUG:root:creating websocket connection
DEBUG:tvDatafeed.main:getting data for OANDA:SPX500USD...
INFO:root:Program started at 2023-09-15 09:41:57.535110
DEBUG:urllib3.connectionpool:Starting new HTTPS connection (1): www.tradingview.com:443
DEBUG:urllib3.connectionpool:https://www.tradingview.com:443 "POST /accounts/signin/ HTTP/1.1" 200 None
DEBUG:root:creating websocket connection
DEBUG:tvDatafeed.main:getting data for OANDA:XAUUSD...
DEBUG:root:creating websocket connection
DEBUG:tvDatafeed.main:getting data for TVC:DXY...
DEBUG:tvDatafeed.main:no volume data
DEBUG:root:creating websocket connection
DEBUG:tvDatafeed.main:getting data for TVC:USOIL...
DEBUG:root:creating websocket connection
DEBUG:tvDatafeed.main:getting data for ECONOMICS:USINTR...
DEBUG:tvDatafeed.main:no volume data
DEBUG:root:creating websocket connection
DEBUG:tvDatafeed.main:getting data for OANDA:SPX500USD...
INFO:root:Program started at 2023-09-15 09:43:06.584022
DEBUG:urllib3.connectionpool:Starting new HTTPS connection (1): www.tradingview.com:443
DEBUG:urllib3.connectionpool:https://www.tradingview.com:443 "POST /accounts/signin/ HTTP/1.1" 200 None
DEBUG:root:creating websocket connection
DEBUG:tvDatafeed.main:getting data for OANDA:XAUUSD...
DEBUG:root:creating websocket connection
DEBUG:tvDatafeed.main:getting data for TVC:DXY...
DEBUG:tvDatafeed.main:no volume data
DEBUG:root:creating websocket connection
DEBUG:tvDatafeed.main:getting data for TVC:USOIL...
DEBUG:root:creating websocket connection
DEBUG:tvDatafeed.main:getting data for ECONOMICS:USINTR...
DEBUG:tvDatafeed.main:no volume data
DEBUG:root:creating websocket connection
DEBUG:tvDatafeed.main:getting data for OANDA:SPX500USD...
INFO:root:Program started at 2023-09-15 09:44:03.389770
DEBUG:urllib3.connectionpool:Starting new HTTPS connection (1): www.tradingview.com:443
DEBUG:urllib3.connectionpool:https://www.tradingview.com:443 "POST /accounts/signin/ HTTP/1.1" 200 108
ERROR:tvDatafeed.main:error while signin
WARNING:tvDatafeed.main:you are using nologin method, data you access may be limited
DEBUG:root:creating websocket connection
DEBUG:tvDatafeed.main:getting data for OANDA:XAUUSD...
DEBUG:root:creating websocket connection
DEBUG:tvDatafeed.main:getting data for TVC:DXY...
DEBUG:tvDatafeed.main:no volume data
DEBUG:root:creating websocket connection
DEBUG:tvDatafeed.main:getting data for TVC:USOIL...
DEBUG:root:creating websocket connection
DEBUG:tvDatafeed.main:getting data for ECONOMICS:USINTR...
DEBUG:tvDatafeed.main:no volume data
DEBUG:root:creating websocket connection
DEBUG:tvDatafeed.main:getting data for OANDA:SPX500USD...
INFO:root:Program started at 2023-09-15 09:45:14.725645
DEBUG:urllib3.connectionpool:Starting new HTTPS connection (1): www.tradingview.com:443
DEBUG:urllib3.connectionpool:https://www.tradingview.com:443 "POST /accounts/signin/ HTTP/1.1" 200 108
ERROR:tvDatafeed.main:error while signin
WARNING:tvDatafeed.main:you are using nologin method, data you access may be limited
DEBUG:root:creating websocket connection
DEBUG:tvDatafeed.main:getting data for OANDA:XAUUSD...
DEBUG:root:creating websocket connection
DEBUG:tvDatafeed.main:getting data for TVC:DXY...
DEBUG:tvDatafeed.main:no volume data
DEBUG:root:creating websocket connection
DEBUG:tvDatafeed.main:getting data for TVC:USOIL...
DEBUG:root:creating websocket connection
DEBUG:tvDatafeed.main:getting data for ECONOMICS:USINTR...
DEBUG:tvDatafeed.main:no volume data
DEBUG:root:creating websocket connection
DEBUG:tvDatafeed.main:getting data for OANDA:SPX500USD...
INFO:root:Program started at 2023-09-15 09:48:37.074852
DEBUG:urllib3.connectionpool:Starting new HTTPS connection (1): www.tradingview.com:443
DEBUG:urllib3.connectionpool:https://www.tradingview.com:443 "POST /accounts/signin/ HTTP/1.1" 200 108
ERROR:tvDatafeed.main:error while signin
WARNING:tvDatafeed.main:you are using nologin method, data you access may be limited
DEBUG:root:creating websocket connection
DEBUG:tvDatafeed.main:getting data for OANDA:XAUUSD...
DEBUG:root:creating websocket connection
DEBUG:tvDatafeed.main:getting data for TVC:DXY...
DEBUG:tvDatafeed.main:no volume data
DEBUG:root:creating websocket connection
DEBUG:tvDatafeed.main:getting data for TVC:USOIL...
DEBUG:root:creating websocket connection
DEBUG:tvDatafeed.main:getting data for ECONOMICS:USINTR...
DEBUG:tvDatafeed.main:no volume data
DEBUG:root:creating websocket connection
DEBUG:tvDatafeed.main:getting data for OANDA:SPX500USD...
INFO:root:Program started at 2023-09-15 09:50:04.202588
DEBUG:urllib3.connectionpool:Starting new HTTPS connection (1): www.tradingview.com:443
DEBUG:urllib3.connectionpool:https://www.tradingview.com:443 "POST /accounts/signin/ HTTP/1.1" 200 108
ERROR:tvDatafeed.main:error while signin
WARNING:tvDatafeed.main:you are using nologin method, data you access may be limited
DEBUG:root:creating websocket connection
DEBUG:tvDatafeed.main:getting data for OANDA:XAUUSD...
DEBUG:root:creating websocket connection
DEBUG:tvDatafeed.main:getting data for TVC:DXY...
DEBUG:tvDatafeed.main:no volume data
DEBUG:root:creating websocket connection
DEBUG:tvDatafeed.main:getting data for TVC:USOIL...
DEBUG:root:creating websocket connection
DEBUG:tvDatafeed.main:getting data for ECONOMICS:USINTR...
DEBUG:tvDatafeed.main:no volume data
DEBUG:root:creating websocket connection
DEBUG:tvDatafeed.main:getting data for OANDA:SPX500USD...
INFO:root:Program started at 2023-09-15 09:50:41.083202
DEBUG:urllib3.connectionpool:Starting new HTTPS connection (1): www.tradingview.com:443
DEBUG:urllib3.connectionpool:https://www.tradingview.com:443 "POST /accounts/signin/ HTTP/1.1" 200 108
ERROR:tvDatafeed.main:error while signin
WARNING:tvDatafeed.main:you are using nologin method, data you access may be limited
DEBUG:root:creating websocket connection
DEBUG:tvDatafeed.main:getting data for OANDA:XAUUSD...
DEBUG:root:creating websocket connection
DEBUG:tvDatafeed.main:getting data for TVC:DXY...
DEBUG:tvDatafeed.main:no volume data
DEBUG:root:creating websocket connection
DEBUG:tvDatafeed.main:getting data for TVC:USOIL...
DEBUG:root:creating websocket connection
DEBUG:tvDatafeed.main:getting data for ECONOMICS:USINTR...
DEBUG:tvDatafeed.main:no volume data
DEBUG:root:creating websocket connection
DEBUG:tvDatafeed.main:getting data for OANDA:SPX500USD...
INFO:root:Program started at 2023-09-17 18:31:22.402014
DEBUG:urllib3.connectionpool:Starting new HTTPS connection (1): www.tradingview.com:443
DEBUG:urllib3.connectionpool:https://www.tradingview.com:443 "POST /accounts/signin/ HTTP/1.1" 200 108
ERROR:tvDatafeed.main:error while signin
WARNING:tvDatafeed.main:you are using nologin method, data you access may be limited
DEBUG:root:creating websocket connection
DEBUG:tvDatafeed.main:getting data for OANDA:XAUUSD...
DEBUG:root:creating websocket connection
DEBUG:tvDatafeed.main:getting data for TVC:DXY...
DEBUG:tvDatafeed.main:no volume data
DEBUG:root:creating websocket connection
DEBUG:tvDatafeed.main:getting data for TVC:USOIL...
DEBUG:root:creating websocket connection
DEBUG:tvDatafeed.main:getting data for ECONOMICS:USINTR...
DEBUG:tvDatafeed.main:no volume data
DEBUG:root:creating websocket connection
DEBUG:tvDatafeed.main:getting data for ECONOMICS:USCCPI...
DEBUG:tvDatafeed.main:no volume data
DEBUG:root:creating websocket connection
DEBUG:tvDatafeed.main:getting data for OANDA:SPX500USD...
DEBUG:root:creating websocket connection
DEBUG:tvDatafeed.main:getting data for OANDA:XAUUSD...
DEBUG:root:creating websocket connection
DEBUG:tvDatafeed.main:getting data for TVC:DXY...
DEBUG:tvDatafeed.main:no volume data
DEBUG:root:creating websocket connection
DEBUG:tvDatafeed.main:getting data for TVC:USOIL...
DEBUG:root:creating websocket connection
DEBUG:tvDatafeed.main:getting data for ECONOMICS:USINTR...
DEBUG:tvDatafeed.main:no volume data
DEBUG:root:creating websocket connection
DEBUG:tvDatafeed.main:getting data for ECONOMICS:USCCPI...
DEBUG:tvDatafeed.main:no volume data
DEBUG:root:creating websocket connection
DEBUG:tvDatafeed.main:getting data for OANDA:SPX500USD...
DEBUG:root:creating websocket connection
DEBUG:tvDatafeed.main:getting data for OANDA:XAUUSD...
DEBUG:root:creating websocket connection
DEBUG:tvDatafeed.main:getting data for TVC:DXY...
DEBUG:tvDatafeed.main:no volume data
DEBUG:root:creating websocket connection
DEBUG:tvDatafeed.main:getting data for TVC:USOIL...
DEBUG:root:creating websocket connection
DEBUG:tvDatafeed.main:getting data for ECONOMICS:USINTR...
DEBUG:tvDatafeed.main:no volume data
DEBUG:root:creating websocket connection
DEBUG:tvDatafeed.main:getting data for ECONOMICS:USCCPI...
DEBUG:tvDatafeed.main:no volume data
DEBUG:root:creating websocket connection
DEBUG:tvDatafeed.main:getting data for OANDA:SPX500USD...
DEBUG:root:creating websocket connection
DEBUG:tvDatafeed.main:getting data for OANDA:XAUUSD...
DEBUG:root:creating websocket connection
DEBUG:tvDatafeed.main:getting data for TVC:DXY...
DEBUG:tvDatafeed.main:no volume data
DEBUG:root:creating websocket connection
DEBUG:tvDatafeed.main:getting data for TVC:USOIL...
DEBUG:root:creating websocket connection
DEBUG:tvDatafeed.main:getting data for ECONOMICS:USINTR...
DEBUG:tvDatafeed.main:no volume data
DEBUG:root:creating websocket connection
DEBUG:tvDatafeed.main:getting data for ECONOMICS:USCCPI...
DEBUG:tvDatafeed.main:no volume data
DEBUG:root:creating websocket connection
DEBUG:tvDatafeed.main:getting data for OANDA:SPX500USD...
DEBUG:root:creating websocket connection
DEBUG:tvDatafeed.main:getting data for OANDA:XAUUSD...
DEBUG:root:creating websocket connection
DEBUG:tvDatafeed.main:getting data for TVC:DXY...
DEBUG:tvDatafeed.main:no volume data
DEBUG:root:creating websocket connection
DEBUG:tvDatafeed.main:getting data for TVC:USOIL...
DEBUG:root:creating websocket connection
DEBUG:tvDatafeed.main:getting data for ECONOMICS:USINTR...
DEBUG:tvDatafeed.main:no volume data
DEBUG:root:creating websocket connection
DEBUG:tvDatafeed.main:getting data for ECONOMICS:USCCPI...
DEBUG:tvDatafeed.main:no volume data
DEBUG:root:creating websocket connection
DEBUG:tvDatafeed.main:getting data for OANDA:SPX500USD...
DEBUG:root:creating websocket connection
DEBUG:tvDatafeed.main:getting data for OANDA:XAUUSD...
DEBUG:root:creating websocket connection
DEBUG:tvDatafeed.main:getting data for TVC:DXY...
DEBUG:tvDatafeed.main:no volume data
DEBUG:root:creating websocket connection
DEBUG:tvDatafeed.main:getting data for TVC:USOIL...
DEBUG:root:creating websocket connection
DEBUG:tvDatafeed.main:getting data for ECONOMICS:USINTR...
DEBUG:tvDatafeed.main:no volume data
DEBUG:root:creating websocket connection
DEBUG:tvDatafeed.main:getting data for ECONOMICS:USCCPI...
DEBUG:tvDatafeed.main:no volume data
DEBUG:root:creating websocket connection
DEBUG:tvDatafeed.main:getting data for OANDA:SPX500USD...
INFO:root:Appended new historical data for XAUUSD into the database.
INFO:root:Appended new historical data for DXY into the database.
INFO:root:Appended new historical data for USOIL into the database.
INFO:root:Appended new historical data for USINTR into the database.
INFO:root:Appended new historical data for USCCPI into the database.
INFO:root:Appended new historical data for SPX500USD into the database.
INFO:root:Program started at 2023-10-16 21:26:35.681374
DEBUG:urllib3.connectionpool:Starting new HTTPS connection (1): www.tradingview.com:443
DEBUG:urllib3.connectionpool:https://www.tradingview.com:443 "POST /accounts/signin/ HTTP/1.1" 200 None
DEBUG:root:creating websocket connection
DEBUG:tvDatafeed.main:getting data for OANDA:XAUUSD...
DEBUG:root:creating websocket connection
DEBUG:tvDatafeed.main:getting data for TVC:DXY...
DEBUG:tvDatafeed.main:no volume data
DEBUG:root:creating websocket connection
DEBUG:tvDatafeed.main:getting data for TVC:USOIL...
DEBUG:root:creating websocket connection
DEBUG:tvDatafeed.main:getting data for ECONOMICS:USINTR...
DEBUG:tvDatafeed.main:no volume data
DEBUG:root:creating websocket connection
DEBUG:tvDatafeed.main:getting data for OANDA:SPX500USD...
INFO:root:Program started at 2023-10-16 21:27:30.920873
DEBUG:urllib3.connectionpool:Starting new HTTPS connection (1): www.tradingview.com:443
DEBUG:urllib3.connectionpool:https://www.tradingview.com:443 "POST /accounts/signin/ HTTP/1.1" 200 None
DEBUG:root:creating websocket connection
DEBUG:tvDatafeed.main:getting data for OANDA:XAUUSD...
DEBUG:root:creating websocket connection
DEBUG:tvDatafeed.main:getting data for TVC:DXY...
DEBUG:tvDatafeed.main:no volume data
DEBUG:root:creating websocket connection
DEBUG:tvDatafeed.main:getting data for TVC:USOIL...
DEBUG:root:creating websocket connection
DEBUG:tvDatafeed.main:getting data for ECONOMICS:USINTR...
DEBUG:tvDatafeed.main:no volume data
DEBUG:root:creating websocket connection
DEBUG:tvDatafeed.main:getting data for OANDA:SPX500USD...
INFO:root:Program started at 2023-10-16 21:32:20.614799
DEBUG:urllib3.connectionpool:Starting new HTTPS connection (1): www.tradingview.com:443
DEBUG:urllib3.connectionpool:https://www.tradingview.com:443 "POST /accounts/signin/ HTTP/1.1" 200 None
DEBUG:root:creating websocket connection
DEBUG:tvDatafeed.main:getting data for OANDA:XAUUSD...
DEBUG:root:creating websocket connection
DEBUG:tvDatafeed.main:getting data for TVC:DXY...
DEBUG:tvDatafeed.main:no volume data
DEBUG:root:creating websocket connection
DEBUG:tvDatafeed.main:getting data for TVC:USOIL...
DEBUG:root:creating websocket connection
DEBUG:tvDatafeed.main:getting data for ECONOMICS:USINTR...
DEBUG:tvDatafeed.main:no volume data
DEBUG:root:creating websocket connection
DEBUG:tvDatafeed.main:getting data for ECONOMICS:USCCPI...
DEBUG:tvDatafeed.main:no volume data
DEBUG:root:creating websocket connection
DEBUG:tvDatafeed.main:getting data for OANDA:SPX500USD...
DEBUG:root:creating websocket connection
DEBUG:tvDatafeed.main:getting data for OANDA:XAUUSD...
DEBUG:root:creating websocket connection
DEBUG:tvDatafeed.main:getting data for TVC:DXY...
DEBUG:tvDatafeed.main:no volume data
DEBUG:root:creating websocket connection
DEBUG:tvDatafeed.main:getting data for TVC:USOIL...
DEBUG:root:creating websocket connection
DEBUG:tvDatafeed.main:getting data for ECONOMICS:USINTR...
DEBUG:tvDatafeed.main:no volume data
DEBUG:root:creating websocket connection
DEBUG:tvDatafeed.main:getting data for ECONOMICS:USCCPI...
DEBUG:tvDatafeed.main:no volume data
DEBUG:root:creating websocket connection
DEBUG:tvDatafeed.main:getting data for OANDA:SPX500USD...
DEBUG:root:creating websocket connection
DEBUG:tvDatafeed.main:getting data for OANDA:XAUUSD...
DEBUG:root:creating websocket connection
DEBUG:tvDatafeed.main:getting data for TVC:DXY...
DEBUG:tvDatafeed.main:no volume data
DEBUG:root:creating websocket connection
DEBUG:tvDatafeed.main:getting data for TVC:USOIL...
DEBUG:root:creating websocket connection
DEBUG:tvDatafeed.main:getting data for ECONOMICS:USINTR...
DEBUG:tvDatafeed.main:no volume data
DEBUG:root:creating websocket connection
DEBUG:tvDatafeed.main:getting data for ECONOMICS:USCCPI...
DEBUG:tvDatafeed.main:no volume data
DEBUG:root:creating websocket connection
DEBUG:tvDatafeed.main:getting data for OANDA:SPX500USD...
DEBUG:root:creating websocket connection
DEBUG:tvDatafeed.main:getting data for OANDA:XAUUSD...
DEBUG:root:creating websocket connection
DEBUG:tvDatafeed.main:getting data for TVC:DXY...
DEBUG:tvDatafeed.main:no volume data
DEBUG:root:creating websocket connection
DEBUG:tvDatafeed.main:getting data for TVC:USOIL...
DEBUG:root:creating websocket connection
DEBUG:tvDatafeed.main:getting data for ECONOMICS:USINTR...
DEBUG:tvDatafeed.main:no volume data
DEBUG:root:creating websocket connection
DEBUG:tvDatafeed.main:getting data for ECONOMICS:USCCPI...
DEBUG:tvDatafeed.main:no volume data
DEBUG:root:creating websocket connection
DEBUG:tvDatafeed.main:getting data for OANDA:SPX500USD...
DEBUG:root:creating websocket connection
DEBUG:tvDatafeed.main:getting data for OANDA:XAUUSD...
DEBUG:root:creating websocket connection
DEBUG:tvDatafeed.main:getting data for TVC:DXY...
DEBUG:tvDatafeed.main:no volume data
DEBUG:root:creating websocket connection
DEBUG:tvDatafeed.main:getting data for TVC:USOIL...
DEBUG:root:creating websocket connection
DEBUG:tvDatafeed.main:getting data for ECONOMICS:USINTR...
DEBUG:tvDatafeed.main:no volume data
DEBUG:root:creating websocket connection
DEBUG:tvDatafeed.main:getting data for ECONOMICS:USCCPI...
DEBUG:tvDatafeed.main:no volume data
DEBUG:root:creating websocket connection
DEBUG:tvDatafeed.main:getting data for OANDA:SPX500USD...
DEBUG:root:creating websocket connection
DEBUG:tvDatafeed.main:getting data for OANDA:XAUUSD...
DEBUG:root:creating websocket connection
DEBUG:tvDatafeed.main:getting data for TVC:DXY...
DEBUG:tvDatafeed.main:no volume data
DEBUG:root:creating websocket connection
DEBUG:tvDatafeed.main:getting data for TVC:USOIL...
DEBUG:root:creating websocket connection
DEBUG:tvDatafeed.main:getting data for ECONOMICS:USINTR...
DEBUG:tvDatafeed.main:no volume data
DEBUG:root:creating websocket connection
DEBUG:tvDatafeed.main:getting data for ECONOMICS:USCCPI...
DEBUG:tvDatafeed.main:no volume data
DEBUG:root:creating websocket connection
DEBUG:tvDatafeed.main:getting data for OANDA:SPX500USD...
INFO:root:Appended new historical data for XAUUSD into the database.
INFO:root:Appended new historical data for DXY into the database.
INFO:root:Appended new historical data for USOIL into the database.
INFO:root:Appended new historical data for USINTR into the database.
INFO:root:Appended new historical data for USCCPI into the database.
INFO:root:Appended new historical data for SPX500USD into the database.
INFO:root:Program started at 2023-11-05 21:53:12.100865
DEBUG:urllib3.connectionpool:Starting new HTTPS connection (1): www.tradingview.com:443
DEBUG:urllib3.connectionpool:https://www.tradingview.com:443 "POST /accounts/signin/ HTTP/1.1" 200 None
DEBUG:root:creating websocket connection
DEBUG:tvDatafeed.main:getting data for OANDA:XAUUSD...
DEBUG:root:creating websocket connection
DEBUG:tvDatafeed.main:getting data for TVC:DXY...
DEBUG:tvDatafeed.main:no volume data
DEBUG:root:creating websocket connection
DEBUG:tvDatafeed.main:getting data for TVC:USOIL...
DEBUG:root:creating websocket connection
DEBUG:tvDatafeed.main:getting data for ECONOMICS:USINTR...
DEBUG:tvDatafeed.main:no volume data
DEBUG:root:creating websocket connection
DEBUG:tvDatafeed.main:getting data for ECONOMICS:USCCPI...
DEBUG:tvDatafeed.main:no volume data
DEBUG:root:creating websocket connection
DEBUG:tvDatafeed.main:getting data for OANDA:SPX500USD...
DEBUG:root:creating websocket connection
DEBUG:tvDatafeed.main:getting data for OANDA:XAUUSD...
DEBUG:root:creating websocket connection
DEBUG:tvDatafeed.main:getting data for TVC:DXY...
DEBUG:tvDatafeed.main:no volume data
DEBUG:root:creating websocket connection
DEBUG:tvDatafeed.main:getting data for TVC:USOIL...
DEBUG:root:creating websocket connection
DEBUG:tvDatafeed.main:getting data for ECONOMICS:USINTR...
DEBUG:tvDatafeed.main:no volume data
DEBUG:root:creating websocket connection
DEBUG:tvDatafeed.main:getting data for ECONOMICS:USCCPI...
DEBUG:tvDatafeed.main:no volume data
DEBUG:root:creating websocket connection
DEBUG:tvDatafeed.main:getting data for OANDA:SPX500USD...
DEBUG:root:creating websocket connection
DEBUG:tvDatafeed.main:getting data for OANDA:XAUUSD...
DEBUG:root:creating websocket connection
DEBUG:tvDatafeed.main:getting data for TVC:DXY...
DEBUG:tvDatafeed.main:no volume data
DEBUG:root:creating websocket connection
DEBUG:tvDatafeed.main:getting data for TVC:USOIL...
DEBUG:root:creating websocket connection
DEBUG:tvDatafeed.main:getting data for ECONOMICS:USINTR...
DEBUG:tvDatafeed.main:no volume data
DEBUG:root:creating websocket connection
DEBUG:tvDatafeed.main:getting data for ECONOMICS:USCCPI...
DEBUG:tvDatafeed.main:no volume data
DEBUG:root:creating websocket connection
DEBUG:tvDatafeed.main:getting data for OANDA:SPX500USD...
DEBUG:root:creating websocket connection
DEBUG:tvDatafeed.main:getting data for OANDA:XAUUSD...
DEBUG:root:creating websocket connection
DEBUG:tvDatafeed.main:getting data for TVC:DXY...
DEBUG:tvDatafeed.main:no volume data
DEBUG:root:creating websocket connection
DEBUG:tvDatafeed.main:getting data for TVC:USOIL...
DEBUG:root:creating websocket connection
DEBUG:tvDatafeed.main:getting data for ECONOMICS:USINTR...
DEBUG:tvDatafeed.main:no volume data
DEBUG:root:creating websocket connection
DEBUG:tvDatafeed.main:getting data for ECONOMICS:USCCPI...
DEBUG:tvDatafeed.main:no volume data
DEBUG:root:creating websocket connection
DEBUG:tvDatafeed.main:getting data for OANDA:SPX500USD...
DEBUG:root:creating websocket connection
DEBUG:tvDatafeed.main:getting data for OANDA:XAUUSD...
DEBUG:root:creating websocket connection
DEBUG:tvDatafeed.main:getting data for TVC:DXY...
DEBUG:tvDatafeed.main:no volume data
DEBUG:root:creating websocket connection
DEBUG:tvDatafeed.main:getting data for TVC:USOIL...
DEBUG:root:creating websocket connection
DEBUG:tvDatafeed.main:getting data for ECONOMICS:USINTR...
DEBUG:tvDatafeed.main:no volume data
DEBUG:root:creating websocket connection
DEBUG:tvDatafeed.main:getting data for ECONOMICS:USCCPI...
DEBUG:tvDatafeed.main:no volume data
DEBUG:root:creating websocket connection
DEBUG:tvDatafeed.main:getting data for OANDA:SPX500USD...
DEBUG:root:creating websocket connection
DEBUG:tvDatafeed.main:getting data for OANDA:XAUUSD...
DEBUG:root:creating websocket connection
DEBUG:tvDatafeed.main:getting data for TVC:DXY...
DEBUG:tvDatafeed.main:no volume data
DEBUG:root:creating websocket connection
DEBUG:tvDatafeed.main:getting data for TVC:USOIL...
DEBUG:root:creating websocket connection
DEBUG:tvDatafeed.main:getting data for ECONOMICS:USINTR...
DEBUG:tvDatafeed.main:no volume data
DEBUG:root:creating websocket connection
DEBUG:tvDatafeed.main:getting data for ECONOMICS:USCCPI...
DEBUG:tvDatafeed.main:no volume data
DEBUG:root:creating websocket connection
DEBUG:tvDatafeed.main:getting data for OANDA:SPX500USD...
INFO:root:Appended new historical data for XAUUSD into the database.
INFO:root:Appended new historical data for DXY into the database.
INFO:root:Appended new historical data for USOIL into the database.
INFO:root:Appended new historical data for USINTR into the database.
INFO:root:Appended new historical data for USCCPI into the database.
INFO:root:Appended new historical data for SPX500USD into the database.
INFO:root:Program started at 2024-02-18 19:24:20.616601
DEBUG:urllib3.connectionpool:Starting new HTTPS connection (1): www.tradingview.com:443
DEBUG:urllib3.connectionpool:https://www.tradingview.com:443 "POST /accounts/signin/ HTTP/1.1" 200 None
INFO:root:Program started at 2024-02-18 19:25:24.140764
DEBUG:urllib3.connectionpool:Starting new HTTPS connection (1): www.tradingview.com:443
DEBUG:urllib3.connectionpool:https://www.tradingview.com:443 "POST /accounts/signin/ HTTP/1.1" 200 None
INFO:root:Program started at 2024-02-18 19:25:51.486725
DEBUG:urllib3.connectionpool:Starting new HTTPS connection (1): www.tradingview.com:443
DEBUG:urllib3.connectionpool:https://www.tradingview.com:443 "POST /accounts/signin/ HTTP/1.1" 200 None
INFO:root:Program started at 2024-02-18 19:26:21.333096
DEBUG:urllib3.connectionpool:Starting new HTTPS connection (1): www.tradingview.com:443
DEBUG:urllib3.connectionpool:https://www.tradingview.com:443 "POST /accounts/signin/ HTTP/1.1" 200 None
INFO:root:Program started at 2024-03-04 20:44:09.824685
DEBUG:urllib3.connectionpool:Starting new HTTPS connection (1): www.tradingview.com:443
DEBUG:urllib3.connectionpool:https://www.tradingview.com:443 "POST /accounts/signin/ HTTP/1.1" 200 None
INFO:root:Program started at 2024-03-04 20:46:51.912425
DEBUG:urllib3.connectionpool:Starting new HTTPS connection (1): www.tradingview.com:443
DEBUG:urllib3.connectionpool:https://www.tradingview.com:443 "POST /accounts/signin/ HTTP/1.1" 200 None
INFO:root:Program started at 2024-03-04 20:49:34.607386
DEBUG:urllib3.connectionpool:Starting new HTTPS connection (1): www.tradingview.com:443
DEBUG:urllib3.connectionpool:https://www.tradingview.com:443 "POST /accounts/signin/ HTTP/1.1" 200 None
INFO:root:Program started at 2024-03-04 20:51:53.167236
DEBUG:urllib3.connectionpool:Starting new HTTPS connection (1): www.tradingview.com:443
DEBUG:urllib3.connectionpool:https://www.tradingview.com:443 "POST /accounts/signin/ HTTP/1.1" 200 None
DEBUG:root:creating websocket connection
DEBUG:tvDatafeed.main:getting data for OANDA:XAUUSD...
DEBUG:root:creating websocket connection
DEBUG:tvDatafeed.main:getting data for TVC:DXY...
DEBUG:tvDatafeed.main:no volume data
DEBUG:root:creating websocket connection
DEBUG:tvDatafeed.main:getting data for TVC:USOIL...
DEBUG:root:creating websocket connection
DEBUG:tvDatafeed.main:getting data for ECONOMICS:USINTR...
DEBUG:tvDatafeed.main:no volume data
DEBUG:root:creating websocket connection
DEBUG:tvDatafeed.main:getting data for ECONOMICS:USCCPI...
DEBUG:tvDatafeed.main:no volume data
DEBUG:root:creating websocket connection
DEBUG:tvDatafeed.main:getting data for OANDA:SPX500USD...
DEBUG:root:creating websocket connection
DEBUG:tvDatafeed.main:getting data for OANDA:XAUUSD...
DEBUG:root:creating websocket connection
DEBUG:tvDatafeed.main:getting data for TVC:DXY...
DEBUG:tvDatafeed.main:no volume data
DEBUG:root:creating websocket connection
DEBUG:tvDatafeed.main:getting data for TVC:USOIL...
DEBUG:root:creating websocket connection
DEBUG:tvDatafeed.main:getting data for ECONOMICS:USINTR...
DEBUG:tvDatafeed.main:no volume data
DEBUG:root:creating websocket connection
DEBUG:tvDatafeed.main:getting data for ECONOMICS:USCCPI...
DEBUG:tvDatafeed.main:no volume data
DEBUG:root:creating websocket connection
DEBUG:tvDatafeed.main:getting data for OANDA:SPX500USD...
DEBUG:root:creating websocket connection
DEBUG:tvDatafeed.main:getting data for OANDA:XAUUSD...
DEBUG:root:creating websocket connection
DEBUG:tvDatafeed.main:getting data for TVC:DXY...
DEBUG:tvDatafeed.main:no volume data
DEBUG:root:creating websocket connection
DEBUG:tvDatafeed.main:getting data for TVC:USOIL...
DEBUG:root:creating websocket connection
DEBUG:tvDatafeed.main:getting data for ECONOMICS:USINTR...
DEBUG:tvDatafeed.main:no volume data
DEBUG:root:creating websocket connection
DEBUG:tvDatafeed.main:getting data for ECONOMICS:USCCPI...
DEBUG:tvDatafeed.main:no volume data
DEBUG:root:creating websocket connection
DEBUG:tvDatafeed.main:getting data for OANDA:SPX500USD...
DEBUG:root:creating websocket connection
DEBUG:tvDatafeed.main:getting data for OANDA:XAUUSD...
DEBUG:root:creating websocket connection
DEBUG:tvDatafeed.main:getting data for TVC:DXY...
DEBUG:tvDatafeed.main:no volume data
DEBUG:root:creating websocket connection
DEBUG:tvDatafeed.main:getting data for TVC:USOIL...
DEBUG:root:creating websocket connection
DEBUG:tvDatafeed.main:getting data for ECONOMICS:USINTR...
DEBUG:tvDatafeed.main:no volume data
DEBUG:root:creating websocket connection
DEBUG:tvDatafeed.main:getting data for ECONOMICS:USCCPI...
DEBUG:tvDatafeed.main:no volume data
DEBUG:root:creating websocket connection
DEBUG:tvDatafeed.main:getting data for OANDA:SPX500USD...
DEBUG:root:creating websocket connection
DEBUG:tvDatafeed.main:getting data for OANDA:XAUUSD...
DEBUG:root:creating websocket connection
DEBUG:tvDatafeed.main:getting data for TVC:DXY...
DEBUG:tvDatafeed.main:no volume data
DEBUG:root:creating websocket connection
DEBUG:tvDatafeed.main:getting data for TVC:USOIL...
DEBUG:root:creating websocket connection
DEBUG:tvDatafeed.main:getting data for ECONOMICS:USINTR...
DEBUG:tvDatafeed.main:no volume data
DEBUG:root:creating websocket connection
DEBUG:tvDatafeed.main:getting data for ECONOMICS:USCCPI...
DEBUG:tvDatafeed.main:no volume data
DEBUG:root:creating websocket connection
DEBUG:tvDatafeed.main:getting data for OANDA:SPX500USD...
DEBUG:root:creating websocket connection
DEBUG:tvDatafeed.main:getting data for OANDA:XAUUSD...
DEBUG:root:creating websocket connection
DEBUG:tvDatafeed.main:getting data for TVC:DXY...
DEBUG:tvDatafeed.main:no volume data
DEBUG:root:creating websocket connection
DEBUG:tvDatafeed.main:getting data for TVC:USOIL...
DEBUG:root:creating websocket connection
DEBUG:tvDatafeed.main:getting data for ECONOMICS:USINTR...
DEBUG:tvDatafeed.main:no volume data
DEBUG:root:creating websocket connection
DEBUG:tvDatafeed.main:getting data for ECONOMICS:USCCPI...
DEBUG:tvDatafeed.main:no volume data
DEBUG:root:creating websocket connection
DEBUG:tvDatafeed.main:getting data for OANDA:SPX500USD...
INFO:root:Appended new historical data for XAUUSD into the database.
INFO:root:Appended new historical data for DXY into the database.
INFO:root:Appended new historical data for USOIL into the database.
INFO:root:Appended new historical data for USINTR into the database.
INFO:root:Appended new historical data for USCCPI into the database.
INFO:root:Appended new historical data for SPX500USD into the database.
INFO:root:Program started at 2024-03-04 20:55:22.403007
DEBUG:urllib3.connectionpool:Starting new HTTPS connection (1): www.tradingview.com:443
DEBUG:urllib3.connectionpool:https://www.tradingview.com:443 "POST /accounts/signin/ HTTP/1.1" 200 None
DEBUG:root:creating websocket connection
DEBUG:tvDatafeed.main:getting data for OANDA:XAUUSD...
DEBUG:root:creating websocket connection
DEBUG:tvDatafeed.main:getting data for TVC:DXY...
DEBUG:tvDatafeed.main:no volume data
DEBUG:root:creating websocket connection
DEBUG:tvDatafeed.main:getting data for TVC:USOIL...
DEBUG:root:creating websocket connection
DEBUG:tvDatafeed.main:getting data for ECONOMICS:USINTR...
DEBUG:tvDatafeed.main:no volume data
DEBUG:root:creating websocket connection
DEBUG:tvDatafeed.main:getting data for ECONOMICS:USCCPI...
DEBUG:tvDatafeed.main:no volume data
DEBUG:root:creating websocket connection
DEBUG:tvDatafeed.main:getting data for OANDA:SPX500USD...
DEBUG:root:creating websocket connection
DEBUG:tvDatafeed.main:getting data for OANDA:XAUUSD...
DEBUG:root:creating websocket connection
DEBUG:tvDatafeed.main:getting data for TVC:DXY...
DEBUG:tvDatafeed.main:no volume data
DEBUG:root:creating websocket connection
DEBUG:tvDatafeed.main:getting data for TVC:USOIL...
DEBUG:root:creating websocket connection
DEBUG:tvDatafeed.main:getting data for ECONOMICS:USINTR...
DEBUG:tvDatafeed.main:no volume data
DEBUG:root:creating websocket connection
DEBUG:tvDatafeed.main:getting data for ECONOMICS:USCCPI...
DEBUG:tvDatafeed.main:no volume data
DEBUG:root:creating websocket connection
DEBUG:tvDatafeed.main:getting data for OANDA:SPX500USD...
DEBUG:root:creating websocket connection
DEBUG:tvDatafeed.main:getting data for OANDA:XAUUSD...
DEBUG:root:creating websocket connection
DEBUG:tvDatafeed.main:getting data for TVC:DXY...
DEBUG:tvDatafeed.main:no volume data
DEBUG:root:creating websocket connection
DEBUG:tvDatafeed.main:getting data for TVC:USOIL...
ERROR:tvDatafeed.main:Connection to remote host was lost.
ERROR:tvDatafeed.main:no data, please check the exchange and symbol
INFO:root:Program started at 2024-03-04 21:18:10.793090
DEBUG:urllib3.connectionpool:Starting new HTTPS connection (1): www.tradingview.com:443
DEBUG:urllib3.connectionpool:https://www.tradingview.com:443 "POST /accounts/signin/ HTTP/1.1" 200 108
ERROR:tvDatafeed.main:error while signin
WARNING:tvDatafeed.main:you are using nologin method, data you access may be limited
DEBUG:root:creating websocket connection
DEBUG:tvDatafeed.main:getting data for OANDA:XAUUSD...
DEBUG:root:creating websocket connection
DEBUG:tvDatafeed.main:getting data for TVC:DXY...
DEBUG:tvDatafeed.main:no volume data
DEBUG:root:creating websocket connection
DEBUG:tvDatafeed.main:getting data for TVC:USOIL...
DEBUG:root:creating websocket connection
DEBUG:tvDatafeed.main:getting data for ECONOMICS:USINTR...
DEBUG:tvDatafeed.main:no volume data
DEBUG:root:creating websocket connection
DEBUG:tvDatafeed.main:getting data for ECONOMICS:USCCPI...
DEBUG:tvDatafeed.main:no volume data
DEBUG:root:creating websocket connection
DEBUG:tvDatafeed.main:getting data for OANDA:SPX500USD...
DEBUG:root:creating websocket connection
DEBUG:tvDatafeed.main:getting data for OANDA:XAUUSD...
DEBUG:root:creating websocket connection
DEBUG:tvDatafeed.main:getting data for TVC:DXY...
DEBUG:tvDatafeed.main:no volume data
DEBUG:root:creating websocket connection
DEBUG:tvDatafeed.main:getting data for TVC:USOIL...
DEBUG:root:creating websocket connection
DEBUG:tvDatafeed.main:getting data for ECONOMICS:USINTR...
DEBUG:tvDatafeed.main:no volume data
DEBUG:root:creating websocket connection
DEBUG:tvDatafeed.main:getting data for ECONOMICS:USCCPI...
DEBUG:tvDatafeed.main:no volume data
DEBUG:root:creating websocket connection
DEBUG:tvDatafeed.main:getting data for OANDA:SPX500USD...
DEBUG:root:creating websocket connection
DEBUG:tvDatafeed.main:getting data for OANDA:XAUUSD...
DEBUG:root:creating websocket connection
DEBUG:tvDatafeed.main:getting data for TVC:DXY...
DEBUG:tvDatafeed.main:no volume data
DEBUG:root:creating websocket connection
DEBUG:tvDatafeed.main:getting data for TVC:USOIL...
DEBUG:root:creating websocket connection
DEBUG:tvDatafeed.main:getting data for ECONOMICS:USINTR...
DEBUG:tvDatafeed.main:no volume data
DEBUG:root:creating websocket connection
DEBUG:tvDatafeed.main:getting data for ECONOMICS:USCCPI...
DEBUG:tvDatafeed.main:no volume data
DEBUG:root:creating websocket connection
DEBUG:tvDatafeed.main:getting data for OANDA:SPX500USD...
DEBUG:root:creating websocket connection
DEBUG:tvDatafeed.main:getting data for OANDA:XAUUSD...
DEBUG:root:creating websocket connection
DEBUG:tvDatafeed.main:getting data for TVC:DXY...
DEBUG:tvDatafeed.main:no volume data
DEBUG:root:creating websocket connection
DEBUG:tvDatafeed.main:getting data for TVC:USOIL...
DEBUG:root:creating websocket connection
DEBUG:tvDatafeed.main:getting data for ECONOMICS:USINTR...
DEBUG:tvDatafeed.main:no volume data
DEBUG:root:creating websocket connection
DEBUG:tvDatafeed.main:getting data for ECONOMICS:USCCPI...
DEBUG:tvDatafeed.main:no volume data
DEBUG:root:creating websocket connection
DEBUG:tvDatafeed.main:getting data for OANDA:SPX500USD...
DEBUG:root:creating websocket connection
DEBUG:tvDatafeed.main:getting data for OANDA:XAUUSD...
DEBUG:root:creating websocket connection
DEBUG:tvDatafeed.main:getting data for TVC:DXY...
DEBUG:tvDatafeed.main:no volume data
DEBUG:root:creating websocket connection
DEBUG:tvDatafeed.main:getting data for TVC:USOIL...
DEBUG:root:creating websocket connection
DEBUG:tvDatafeed.main:getting data for ECONOMICS:USINTR...
DEBUG:tvDatafeed.main:no volume data
DEBUG:root:creating websocket connection
DEBUG:tvDatafeed.main:getting data for ECONOMICS:USCCPI...
DEBUG:tvDatafeed.main:no volume data
DEBUG:root:creating websocket connection
DEBUG:tvDatafeed.main:getting data for OANDA:SPX500USD...
DEBUG:root:creating websocket connection
DEBUG:tvDatafeed.main:getting data for OANDA:XAUUSD...
DEBUG:root:creating websocket connection
DEBUG:tvDatafeed.main:getting data for TVC:DXY...
DEBUG:tvDatafeed.main:no volume data
DEBUG:root:creating websocket connection
DEBUG:tvDatafeed.main:getting data for TVC:USOIL...
DEBUG:root:creating websocket connection
DEBUG:tvDatafeed.main:getting data for ECONOMICS:USINTR...
DEBUG:tvDatafeed.main:no volume data
DEBUG:root:creating websocket connection
DEBUG:tvDatafeed.main:getting data for ECONOMICS:USCCPI...
DEBUG:tvDatafeed.main:no volume data
DEBUG:root:creating websocket connection
DEBUG:tvDatafeed.main:getting data for OANDA:SPX500USD...
INFO:root:Appended new historical data for XAUUSD into the database.
INFO:root:Appended new historical data for DXY into the database.
INFO:root:Appended new historical data for USOIL into the database.
INFO:root:Appended new historical data for USINTR into the database.
INFO:root:Appended new historical data for USCCPI into the database.
INFO:root:Appended new historical data for SPX500USD into the database.
